Running migration: 1_initial_migration.js
  Deploying Migrations...
  ... 0x9c138f1e10a1546dc21ebf1709ae486436deeafc19a5133e018b49f836b4a94f
  Migrations: 0x5bec2a61c171614ef5d2738ac89443e2bff8117d
Saving successful migration to network...
  ... 0x851f82c4674fe985ac8beb1d62792c555e984796235f1f676d5df298e8ae6c3f
Saving artifacts...
Running migration: 2_deploy_contracts.js
  Deploying SimpleStorage...
  ... 0xf8fd07c054e239b6f556c3dd3a3751314b07c839ae9bdfba28418a753d46c05d
  SimpleStorage: 0x401582af7d799f71e7510a8b2b620e7fff68a054
  Deploying Ownable...
  ... 0x4e376df84e33557fda003a2675ea7d37955f528d4b762ac9110bdc54357bfdd6
  Ownable: 0xa47e7d42ce2600dfdf92f76fc6c95ed81cd2ad2c
  Deploying SafeMath...
  ... 0x0eb47cf45458e26c80e764a8f9fb797e0b5a5794c9dbee320b66136a06c3ce32
  SafeMath: 0x386557edcbe2818ad8f3f2d9d596ceb4c7c6a336
  Deploying Payroll...
  ... 0xca439b7a8e017c6bcf97857c0d611a576cee46fe41c22b7024cc0afdabe1044a
  Payroll: 0x646ea13e50ff8005cee1d2184379b81cb7e6d5b8
Saving successful migration to network...
  ... 0xe96ee7e22c4aaf0ae88cd6e2149f04fd26c3e7b7f8974dea3073547409035f36
